// 重构日志: dea2a147
// 重构日志: cb061c0a
// 同步 ID: 3cd4ff98 @ Sat Jul 11 05:38:15 UTC 2026
// 重构日志: e36c7c9d
// 重构日志: d95ef56e
// 重构日志: 019becdf
// 重构日志: a996dbae
// 重构日志: 90b02661
// 重构日志: 64e6acb0
// 同步 ID: 915d6d45 @ Mon Jul 13 01:19:45 UTC 2026
// 同步 ID: 69199911 @ Mon Jul 13 17:08:37 UTC 2026
// 同步 ID: c080947e @ Tue Jul 14 04:35:09 UTC 2026
// 重构日志: 6d63e282
// 同步 ID: 0f6b3346 @ Tue Jul 14 09:37:08 UTC 2026
// 重构日志: 174f30aa
// 重构日志: adc7a0d4
// 同步 ID: 78f016fb @ Wed Jul 15 11:48:19 UTC 2026
// 重构日志: f691c666
// 重构日志: 6af2562b
// 重构日志: 2b0887d4
// 同步 ID: e895b660 @ Thu Jul 16 04:48:52 UTC 2026
// 同步 ID: 374eb91c @ Thu Jul 16 08:05:49 UTC 2026
// 重构日志: 6facc520
// 重构日志: f25a73fa
// 重构日志: e740fa3c
// 重构日志: eb2fddff
// 重构日志: 70561c92
// 重构日志: bc9b82da
// 重构日志: 54d04fed
// 同步 ID: e06b193c @ Mon Jul 20 14:19:42 UTC 2026
